heap profile: 0: 0 [0: 0] @ heap/1048576

# runtime.MemStats
# Alloc = 265968
# TotalAlloc = 715784
# Sys = 5869632
# Lookups = 94
# Mallocs = 2739
# Frees = 2378
# HeapAlloc = 265968
# HeapSys = 720896
# HeapIdle = 155648
# HeapInuse = 565248
# HeapReleased = 0
# HeapObjects = 361
# Stack = 327680 / 327680
# MSpan = 8960 / 16384
# MCache = 4800 / 16384
# BuckHashSys = 2353
# NextGC = 4194304
# PauseNs = [338237 370137 606361 380016 402210 0 0 0 0 0 0 0 0 0 0 0 0 0 0 0 0 0 0 0 0 0 0 0 0 0 0 0 0 0 0 0 0 0 0 0 0 0 0 0 0 0 0 0 0 0 0 0 0 0 0 0 0 0 0 0 0 0 0 0 0 0 0 0 0 0 0 0 0 0 0 0 0 0 0 0 0 0 0 0 0 0 0 0 0 0 0 0 0 0 0 0 0 0 0 0 0 0 0 0 0 0 0 0 0 0 0 0 0 0 0 0 0 0 0 0 0 0 0 0 0 0 0 0 0 0 0 0 0 0 0 0 0 0 0 0 0 0 0 0 0 0 0 0 0 0 0 0 0 0 0 0 0 0 0 0 0 0 0 0 0 0 0 0 0 0 0 0 0 0 0 0 0 0 0 0 0 0 0 0 0 0 0 0 0 0 0 0 0 0 0 0 0 0 0 0 0 0 0 0 0 0 0 0 0 0 0 0 0 0 0 0 0 0 0 0 0 0 0 0 0 0 0 0 0 0 0 0 0 0 0 0 0 0 0 0 0 0 0 0 0 0 0 0 0 0 0 0 0 0 0 0]
# NumGC = 5
# DebugGC = false
